\BOOKMARK [0][-]{chapter.1}{\376\377\000B\000a\000c\000k\000g\000r\000o\000u\000n\000d}{}% 1
\BOOKMARK [0][-]{chapter.2}{\376\377\000P\000r\000o\000j\000e\000c\000t\000\040\000r\000e\000s\000u\000l\000t}{}% 2
\BOOKMARK [1][-]{section.2.1}{\376\377\000M\000u\000s\000t\000\040\000h\000a\000v\000e\000\040\000\050\000t\000o\000\040\000b\000e\000\040\000c\000o\000n\000f\000i\000r\000m\000e\000d\000\040\000b\000y\000\040\000r\000e\000s\000e\000a\000r\000c\000h\000\051}{chapter.2}% 3
\BOOKMARK [1][-]{section.2.2}{\376\377\000S\000h\000o\000u\000l\000d\000\040\000h\000a\000v\000e\000\040\000\050\000t\000o\000\040\000b\000e\000\040\000c\000o\000n\000f\000i\000r\000m\000e\000d\000\040\000b\000y\000\040\000r\000e\000s\000e\000a\000r\000c\000h\000\051}{chapter.2}% 4
\BOOKMARK [1][-]{section.2.3}{\376\377\000C\000o\000u\000l\000d\000\040\000h\000a\000v\000e\000\040\000\050\000t\000o\000\040\000b\000e\000\040\000c\000o\000n\000f\000i\000r\000m\000e\000d\000\040\000b\000y\000\040\000r\000e\000s\000e\000a\000r\000c\000h\000\051}{chapter.2}% 5
\BOOKMARK [1][-]{section.2.4}{\376\377\000W\000o\000n\000'\000t\000\040\000h\000a\000v\000e\000\040\000\050\000t\000o\000\040\000b\000e\000\040\000c\000o\000n\000f\000i\000r\000m\000e\000d\000\040\000b\000y\000\040\000r\000e\000s\000e\000a\000r\000c\000h\000\051}{chapter.2}% 6
\BOOKMARK [0][-]{chapter.3}{\376\377\000P\000r\000o\000j\000e\000c\000t\000\040\000a\000c\000t\000i\000v\000i\000t\000i\000e\000s}{}% 7
\BOOKMARK [1][-]{section.3.1}{\376\377\000P\000l\000a\000n\000n\000i\000n\000g}{chapter.3}% 8
\BOOKMARK [1][-]{section.3.2}{\376\377\000R\000e\000s\000e\000a\000r\000c\000h}{chapter.3}% 9
\BOOKMARK [1][-]{section.3.3}{\376\377\000D\000e\000s\000i\000g\000n\000i\000n\000g}{chapter.3}% 10
\BOOKMARK [1][-]{section.3.4}{\376\377\000T\000e\000s\000t\000i\000n\000g}{chapter.3}% 11
\BOOKMARK [1][-]{section.3.5}{\376\377\000W\000r\000i\000t\000i\000n\000g\000\040\000D\000o\000c\000u\000m\000e\000n\000t\000a\000t\000i\000o\000n}{chapter.3}% 12
\BOOKMARK [1][-]{section.3.6}{\376\377\000B\000u\000d\000g\000e\000t\000\040\000t\000r\000a\000c\000k\000i\000n\000g}{chapter.3}% 13
\BOOKMARK [1][-]{section.3.7}{\376\377\000A\000c\000t\000i\000v\000i\000t\000i\000e\000s}{chapter.3}% 14
\BOOKMARK [0][-]{chapter.4}{\376\377\000P\000r\000o\000j\000e\000c\000t\000\040\000b\000o\000u\000n\000d\000a\000r\000i\000e\000s}{}% 15
\BOOKMARK [0][-]{chapter.5}{\376\377\000M\000i\000l\000e\000s\000t\000o\000n\000e\000s}{}% 16
\BOOKMARK [0][-]{chapter.6}{\376\377\000Q\000u\000a\000l\000i\000t\000y\000\040\000a\000s\000s\000u\000r\000a\000n\000c\000e}{}% 17
\BOOKMARK [0][-]{chapter.7}{\376\377\000P\000r\000o\000j\000e\000c\000t\000\040\000o\000r\000g\000a\000n\000i\000s\000a\000t\000i\000o\000n}{}% 18
\BOOKMARK [0][-]{chapter.8}{\376\377\000P\000l\000a\000n\000n\000i\000n\000g}{}% 19
\BOOKMARK [0][-]{chapter.9}{\376\377\000C\000o\000s\000t\000-\000b\000e\000n\000e\000f\000i\000t\000\040\000o\000v\000e\000r\000v\000i\000e\000w}{}% 20
\BOOKMARK [0][-]{chapter.10}{\376\377\000R\000i\000s\000k\000\040\000A\000n\000a\000l\000y\000s\000i\000s}{}% 21
\BOOKMARK [0][-]{appendix.A}{\376\377\000A\000p\000p\000e\000n\000d\000i\000x\000\040\000A}{}% 22
