This is pdfTeX, Version 3.141592653-2.6-1.40.24 (MiKTeX 22.1) (preloaded format=pdflatex 2023.2.16)  16 FEB 2023 11:04
entering extended mode
 restricted \write18 enabled.
 %&-line parsing enabled.
**"./Plan of Approach.tex"
(Plan of Approach.tex
LaTeX2e <2022-11-01> patch level 1
L3 programming layer <2023-02-02>
(/Users/busselommers/Library/Application Support/MiKTeX/texmfs/install/tex/late
x/base/report.cls
Document Class: report 2022/07/02 v1.4n Standard LaTeX document class

(/Users/busselommers/Library/Application Support/MiKTeX/texmfs/install/tex/late
x/base/size10.clo
File: size10.clo 2022/07/02 v1.4n Standard LaTeX file (size option)
)
\c@part=\count185
\c@chapter=\count186
\c@section=\count187
\c@subsection=\count188
\c@subsubsection=\count189
\c@paragraph=\count190
\c@subparagraph=\count191
\c@figure=\count192
\c@table=\count193
\abovecaptionskip=\skip48
\belowcaptionskip=\skip49
\bibindent=\dimen140
)
(/Users/busselommers/Library/Application Support/MiKTeX/texmfs/install/tex/late
x/lipsum/lipsum.sty
(/Users/busselommers/Library/Application Support/MiKTeX/texmfs/install/tex/late
x/l3packages/l3keys2e/l3keys2e.sty
(/Users/busselommers/Library/Application Support/MiKTeX/texmfs/install/tex/late
x/l3kernel/expl3.sty
Package: expl3 2023-02-02 L3 programming layer (loader) 

(/Users/busselommers/Library/Application Support/MiKTeX/texmfs/install/tex/late
x/l3backend/l3backend-pdftex.def
File: l3backend-pdftex.def 2023-01-16 L3 backend support: PDF output (pdfTeX)
\l__color_backend_stack_int=\count194
\l__pdf_internal_box=\box51
))
Package: l3keys2e 2023-01-16 LaTeX2e option processing using LaTeX3 keys
)
Package: lipsum 2021-09-20 v2.7 150 paragraphs of Lorem Ipsum dummy text
\g__lipsum_par_int=\count195
\l__lipsum_a_int=\count196
\l__lipsum_b_int=\count197

(/Users/busselommers/Library/Application Support/MiKTeX/texmfs/install/tex/late
x/lipsum/lipsum.ltd.tex))
(/Users/busselommers/Library/Application Support/MiKTeX/texmfs/install/tex/late
x/graphics/graphicx.sty
Package: graphicx 2021/09/16 v1.2d Enhanced LaTeX Graphics (DPC,SPQR)

(/Users/busselommers/Library/Application Support/MiKTeX/texmfs/install/tex/late
x/graphics/keyval.sty
Package: keyval 2022/05/29 v1.15 key=value parser (DPC)
\KV@toks@=\toks16
)
(/Users/busselommers/Library/Application Support/MiKTeX/texmfs/install/tex/late
x/graphics/graphics.sty
Package: graphics 2022/03/10 v1.4e Standard LaTeX Graphics (DPC,SPQR)

(/Users/busselommers/Library/Application Support/MiKTeX/texmfs/install/tex/late
x/graphics/trig.sty
Package: trig 2021/08/11 v1.11 sin cos tan (DPC)
)
(/Users/busselommers/Library/Application Support/MiKTeX/texmfs/install/tex/late
x/graphics-cfg/graphics.cfg
File: graphics.cfg 2016/06/04 v1.11 sample graphics configuration
)
Package graphics Info: Driver file: pdftex.def on input line 107.

(/Users/busselommers/Library/Application Support/MiKTeX/texmfs/install/tex/late
x/graphics-def/pdftex.def
File: pdftex.def 2022/09/22 v1.2b Graphics/color driver for pdftex
))
\Gin@req@height=\dimen141
\Gin@req@width=\dimen142
)

LaTeX Warning: Unused global option(s):
    [*].

No file "Plan of Approach".aux.
\openout1 = `"Plan of Approach.aux"'.

LaTeX Font Info:    Checking defaults for OML/cmm/m/it on input line 4.
LaTeX Font Info:    ... okay on input line 4.
LaTeX Font Info:    Checking defaults for OMS/cmsy/m/n on input line 4.
LaTeX Font Info:    ... okay on input line 4.
LaTeX Font Info:    Checking defaults for OT1/cmr/m/n on input line 4.
LaTeX Font Info:    ... okay on input line 4.
LaTeX Font Info:    Checking defaults for T1/cmr/m/n on input line 4.
LaTeX Font Info:    ... okay on input line 4.
LaTeX Font Info:    Checking defaults for TS1/cmr/m/n on input line 4.
LaTeX Font Info:    ... okay on input line 4.
LaTeX Font Info:    Checking defaults for OMX/cmex/m/n on input line 4.
LaTeX Font Info:    ... okay on input line 4.
LaTeX Font Info:    Checking defaults for U/cmr/m/n on input line 4.
LaTeX Font Info:    ... okay on input line 4.

(/Users/busselommers/Library/Application Support/MiKTeX/texmfs/install/tex/cont
ext/base/mkii/supp-pdf.mkii
[Loading MPS to PDF converter (version 2006.09.02).]
\scratchcounter=\count198
\scratchdimen=\dimen143
\scratchbox=\box52
\nofMPsegments=\count199
\nofMParguments=\count266
\everyMPshowfont=\toks17
\MPscratchCnt=\count267
\MPscratchDim=\dimen144
\MPnumerator=\count268
\makeMPintoPDFobject=\count269
\everyMPtoPDFconversion=\toks18
)
(/Users/busselommers/Library/Application Support/MiKTeX/texmfs/install/tex/late
x/epstopdf-pkg/epstopdf-base.sty
Package: epstopdf-base 2020-01-24 v2.11 Base part for package epstopdf
Package epstopdf-base Info: Redefining graphics rule for `.eps' on input line 4
85.

(/Users/busselommers/Library/Application Support/MiKTeX/texmfs/install/tex/late
x/00miktex/epstopdf-sys.cfg
File: epstopdf-sys.cfg 2021/03/18 v2.0 Configuration of epstopdf for MiKTeX
))
LaTeX Font Info:    External font `cmex10' loaded for size
(Font)              <12> on input line 8.
LaTeX Font Info:    External font `cmex10' loaded for size
(Font)              <8> on input line 8.
LaTeX Font Info:    External font `cmex10' loaded for size
(Font)              <6> on input line 8.
 [1

{/Users/busselommers/Library/Application Support/MiKTeX/texmfs/data/fonts/map/p
dftex/pdftex.map}]
No file "Plan of Approach".toc.
\tf@toc=\write3
\openout3 = `"Plan of Approach.toc"'.

[1

]
Chapter 1.
[2

]
Chapter 2.
LaTeX Font Info:    External font `cmex10' loaded for size
(Font)              <7> on input line 19.
LaTeX Font Info:    External font `cmex10' loaded for size
(Font)              <5> on input line 19.

Underfull \hbox (badness 3579) in paragraph at lines 23--23
[]\OT1/cmr/m/n/10 From the project
 []


Underfull \hbox (badness 3579) in paragraph at lines 25--25
[]\OT1/cmr/m/n/10 From the project
 []


Underfull \hbox (badness 1112) in paragraph at lines 27--27
[]\OT1/cmr/m/n/10 Two 6,35mm TRS plug
 []


Underfull \hbox (badness 3579) in paragraph at lines 27--27
[]\OT1/cmr/m/n/10 From the project
 []


Underfull \hbox (badness 3579) in paragraph at lines 29--29
[]\OT1/cmr/m/n/10 From the project
 []


Underfull \hbox (badness 3579) in paragraph at lines 31--31
[]\OT1/cmr/m/n/10 From the project
 []


Underfull \hbox (badness 3579) in paragraph at lines 33--33
[]\OT1/cmr/m/n/10 From the project
 []


Underfull \hbox (badness 1112) in paragraph at lines 35--35
[]\OT1/cmr/m/n/10 Two 6,35mm TRS plug
 []


Underfull \hbox (badness 3579) in paragraph at lines 35--35
[]\OT1/cmr/m/n/10 From the project
 []


Underfull \hbox (badness 3579) in paragraph at lines 37--37
[]\OT1/cmr/m/n/10 From the project
 []


Underfull \hbox (badness 3579) in paragraph at lines 39--39
[]\OT1/cmr/m/n/10 From the project
 []


Underfull \hbox (badness 3579) in paragraph at lines 41--41
[]\OT1/cmr/m/n/10 From the project
 []


Underfull \hbox (badness 3579) in paragraph at lines 43--43
[]\OT1/cmr/m/n/10 From the project
 []


Underfull \hbox (badness 10000) in paragraph at lines 45--45
[]\TS1/cmr/m/n/10 ^^88 \OT1/cmr/m/n/10 The system must
 []


Underfull \hbox (badness 1127) in paragraph at lines 45--45
\OT1/cmr/m/n/10 configurable via a basic
 []


Underfull \hbox (badness 3579) in paragraph at lines 45--45
[]\OT1/cmr/m/n/10 From the project
 []


Underfull \hbox (badness 3579) in paragraph at lines 47--47
[]\OT1/cmr/m/n/10 From the project
 []


Underfull \hbox (badness 3579) in paragraph at lines 49--49
[]\OT1/cmr/m/n/10 From the project
 []


Underfull \hbox (badness 3579) in paragraph at lines 51--51
[]\OT1/cmr/m/n/10 From the project
 []


Underfull \hbox (badness 3579) in paragraph at lines 53--53
[]\OT1/cmr/m/n/10 From the project
 []


Underfull \hbox (badness 3579) in paragraph at lines 55--55
[]\OT1/cmr/m/n/10 From the project
 []


Underfull \hbox (badness 3579) in paragraph at lines 57--57
[]\OT1/cmr/m/n/10 From the project
 []


Underfull \hbox (badness 3579) in paragraph at lines 59--59
[]\OT1/cmr/m/n/10 From the project
 []


Underfull \hbox (badness 3579) in paragraph at lines 61--61
[]\OT1/cmr/m/n/10 From the project
 []


Overfull \hbox (102.42792pt too wide) in paragraph at lines 19--65
[][] 
 []


LaTeX Warning: Float too large for page by 30.68875pt on input line 66.

[3

] [4]
Chapter 3.
[5

]
Chapter 4.

Package lipsum Warning: Unknown language 'latin'. Hyphenation patterns for
(lipsum)                'english' will be used instead.

[6

] [7]
Chapter 5.

Package lipsum Warning: Unknown language 'english'. Hyphenation patterns for
(lipsum)                'english' will be used instead.

[8

] [9]
Chapter 6.

Package lipsum Warning: Unknown language 'english'. Hyphenation patterns for
(lipsum)                'english' will be used instead.

[10

] [11]
Chapter 7.

Package lipsum Warning: Unknown language 'english'. Hyphenation patterns for
(lipsum)                'english' will be used instead.

[12

] [13] (Plan of Approach.aux) ) 
Here is how much of TeX's memory you used:
 1772 strings out of 478313
 34422 string characters out of 5837989
 1878346 words of memory out of 5000000
 21942 multiletter control sequences out of 15000+600000
 517474 words of font info for 49 fonts, out of 8000000 for 9000
 0 hyphenation exceptions out of 8191
 72i,10n,77p,245b,241s stack positions out of 10000i,1000n,20000p,200000b,200000s
 </Users/busselommers/Library/Application Suppor
t/MiKTeX/texmfs/data/fonts/pk/ljfour/jknappen/ec/dpi600/tcrm1000.pk></Users/bus
selommers/Library/Application Support/MiKTeX/texmfs/install/fonts/type1/public/
amsfonts/cm/cmbx12.pfb></Users/busselommers/Library/Application Support/MiKTeX/
texmfs/install/fonts/type1/public/amsfonts/cm/cmr10.pfb></Users/busselommers/Li
brary/Application Support/MiKTeX/texmfs/install/fonts/type1/public/amsfonts/cm/
cmr12.pfb></Users/busselommers/Library/Application Support/MiKTeX/texmfs/instal
l/fonts/type1/public/amsfonts/cm/cmr17.pfb>
Output written on "Plan of Approach.pdf" (14 pages, 83685 bytes).
PDF statistics:
 74 PDF objects out of 1000 (max. 8388607)
 0 named destinations out of 1000 (max. 500000)
 1 words of extra memory for PDF output out of 10000 (max. 10000000)

